[debug] [2023-03-24T06:04:24.776Z] ----------------------------------------------------------------------
[debug] [2023-03-24T06:04:24.778Z] Command:       C:\Program Files\nodejs\node.exe C:\Users\Chitwan\AppData\Roaming\npm\node_modules\firebase-tools\lib\bin\firebase.js init hosting
[debug] [2023-03-24T06:04:24.779Z] CLI Version:   11.24.1
[debug] [2023-03-24T06:04:24.779Z] Platform:      win32
[debug] [2023-03-24T06:04:24.779Z] Node Version:  v16.16.0
[debug] [2023-03-24T06:04:24.795Z] Time:          Fri Mar 24 2023 11:34:24 GMT+0530 (India Standard Time)
[debug] [2023-03-24T06:04:24.795Z] ----------------------------------------------------------------------
[debug] 
[debug] [2023-03-24T06:04:24.869Z] > command requires scopes: ["email","openid","https://www.googleapis.com/auth/cloudplatformprojects.readonly","https://www.googleapis.com/auth/firebase","https://www.googleapis.com/auth/cloud-platform"]
[debug] [2023-03-24T06:04:24.870Z] > authorizing via signed-in user (chitwangoel1010@gmail.com)
[info] 
     ######## #### ########  ######## ########     ###     ######  ########
     ##        ##  ##     ## ##       ##     ##  ##   ##  ##       ##
     ######    ##  ########  ######   ########  #########  ######  ######
     ##        ##  ##    ##  ##       ##     ## ##     ##       ## ##
     ##       #### ##     ## ######## ########  ##     ##  ######  ########

You're about to initialize a Firebase project in this directory:

  D:\Vizuara\iNotebook-React-master\iNotebook-React-master

Before we get started, keep in mind:

  * You are initializing within an existing Firebase project directory

[info] 
=== Project Setup
[info] 
[info] First, let's associate this project directory with a Firebase project.
[info] You can create multiple project aliases by running firebase use --add, 
[info] but for now we'll just set up a default project.
[info] 
[debug] [2023-03-24T06:04:32.385Z] Using project from CLI flag: vizuara-course-portal
[debug] [2023-03-24T06:04:32.393Z] >>> [apiv2][query] GET https://firebase.googleapis.com/v1beta1/projects/vizuara-course-portal [none]
[debug] [2023-03-24T06:04:33.341Z] <<< [apiv2][status] GET https://firebase.googleapis.com/v1beta1/projects/vizuara-course-portal 200
[debug] [2023-03-24T06:04:33.341Z] <<< [apiv2][body] GET https://firebase.googleapis.com/v1beta1/projects/vizuara-course-portal {"projectId":"vizuara-course-portal","projectNumber":"286168244747","displayName":"vizuara-course-portal","name":"projects/vizuara-course-portal","resources":{"hostingSite":"vizuara-course-portal","realtimeDatabaseInstance":"vizuara-course-portal-default-rtdb"},"state":"ACTIVE","etag":"1_cff44a42-0341-4266-80e6-581ec2180006"}
[info] i  Using project vizuara-course-portal (vizuara-course-portal) 
[info] 
=== Hosting Setup
[info] 
[info] Your public directory is the folder (relative to your project directory) that
[info] will contain Hosting assets to be uploaded with firebase deploy. If you
[info] have a build process for your assets, use your build's output directory.
[info] 
[debug] [2023-03-24T06:04:57.445Z] >>> [apiv2][query] GET https://www.gstatic.com/firebasejs/releases.json [none]
[debug] [2023-03-24T06:04:57.944Z] <<< [apiv2][status] GET https://www.gstatic.com/firebasejs/releases.json 200
[debug] [2023-03-24T06:04:57.944Z] <<< [apiv2][body] GET https://www.gstatic.com/firebasejs/releases.json {"current":{"version":"9.18.0","browserURL":"https://www.gstatic.com/firebasejs/9.18.0/firebase.js","packageURL":"https://www.gstatic.com/firebasejs/9.18.0/firebase.tgz"},"live":{"version":"9.18","browserURL":"https://www.gstatic.com/firebasejs/live/9.18/firebase.js","packageURL":"https://www.gstatic.com/firebasejs/live/9.18/firebase.tgz"},"components":{"analytics":"https://www.gstatic.com/firebasejs/9.18.0/firebase-analytics.js","app":"https://www.gstatic.com/firebasejs/9.18.0/firebase-app.js","app-check":"https://www.gstatic.com/firebasejs/9.18.0/firebase-app-check.js","auth":"https://www.gstatic.com/firebasejs/9.18.0/firebase-auth.js","auth/cordova":"https://www.gstatic.com/firebasejs/9.18.0/firebase-auth/cordova.js","auth/react-native":"https://www.gstatic.com/firebasejs/9.18.0/firebase-auth/react-native.js","functions":"https://www.gstatic.com/firebasejs/9.18.0/firebase-functions.js","firestore":"https://www.gstatic.com/firebasejs/9.18.0/firebase-firestore.js","firestore/lite":"https://www.gstatic.com/firebasejs/9.18.0/firebase-firestore/lite.js","installations":"https://www.gstatic.com/firebasejs/9.18.0/firebase-installations.js","storage":"https://www.gstatic.com/firebasejs/9.18.0/firebase-storage.js","performance":"https://www.gstatic.com/firebasejs/9.18.0/firebase-performance.js","remote-config":"https://www.gstatic.com/firebasejs/9.18.0/firebase-remote-config.js","messaging":"https://www.gstatic.com/firebasejs/9.18.0/firebase-messaging.js","messaging/sw":"https://www.gstatic.com/firebasejs/9.18.0/firebase-messaging/sw.js","database":"https://www.gstatic.com/firebasejs/9.18.0/firebase-database.js","firestore.memory":"https://www.gstatic.com/firebasejs/9.18.0/firebase-firestore.memory.js"}}
[debug] [2023-03-24T06:04:58.187Z] Error: ENOENT: no such file or directory, mkdir 'D:\Vizuara\iNotebook-React-master\iNotebook-React-master\	'
    at Object.mkdirSync (node:fs:1349:3)
    at Object.module.exports.makeDirSync (C:\Users\Chitwan\AppData\Roaming\npm\node_modules\firebase-tools\node_modules\fs-extra\lib\mkdirs\make-dir.js:23:13)
    at Object.createFileSync (C:\Users\Chitwan\AppData\Roaming\npm\node_modules\firebase-tools\node_modules\fs-extra\lib\ensure\file.js:59:45)
    at Config.writeProjectFile (C:\Users\Chitwan\AppData\Roaming\npm\node_modules\firebase-tools\lib\config.js:152:12)
    at C:\Users\Chitwan\AppData\Roaming\npm\node_modules\firebase-tools\lib\config.js:176:22
    at processTicksAndRejections (node:internal/process/task_queues:96:5)
    at async doSetup (C:\Users\Chitwan\AppData\Roaming\npm\node_modules\firebase-tools\lib\init\features\hosting\index.js:144:9)
    at async init (C:\Users\Chitwan\AppData\Roaming\npm\node_modules\firebase-tools\lib\init\index.js:36:9)
[error] 
[error] Error: An unexpected error has occurred.
